<?xml version="1.0" encoding="UTF-8"?>
<!-- Generated by org.testng.reporters.JUnitReportReporter -->
<testsuite hostname="sharanabasappa" failures="0" tests="6" name="RestAssuredPractice.DynamicJson" time="8.250" errors="0" timestamp="2025-07-17T14:20:19 IST" skipped="0">
  <testcase classname="RestAssuredPractice.DynamicJson" name="add_Book" time="0.367"/>
  <testcase classname="RestAssuredPractice.DynamicJson" name="add_Book" time="0.337"/>
  <testcase classname="RestAssuredPractice.DynamicJson" name="add_Book" time="6.875"/>
  <testcase classname="RestAssuredPractice.DynamicJson" name="delete_Book" time="0.196"/>
  <testcase classname="RestAssuredPractice.DynamicJson" name="delete_Book" time="0.237"/>
  <testcase classname="RestAssuredPractice.DynamicJson" name="delete_Book" time="0.238"/>
</testsuite> <!-- RestAssuredPractice.DynamicJson -->
