<?xml version="1.0" encoding="UTF-8"?>
<!-- Generated by org.testng.reporters.JUnitReportReporter -->
<testsuite hostname="sharanabasappa" failures="0" tests="8" name="cucumberOptions.TestNgRunner" time="0.763" errors="0" timestamp="2025-08-26T15:06:10 IST" skipped="0">
  <testcase classname="cucumberOptions.TestNgRunner" name="runScenario" time="0.025"/>
  <testcase classname="cucumberOptions.TestNgRunner" name="runScenario" time="0.037"/>
  <testcase classname="cucumberOptions.TestNgRunner" name="runScenario" time="0.018"/>
  <testcase classname="cucumberOptions.TestNgRunner" name="runScenario" time="0.041"/>
  <testcase classname="cucumberOptions.TestNgRunner" name="runScenario" time="0.026"/>
  <testcase classname="cucumberOptions.TestNgRunner" name="runScenario" time="0.577"/>
  <testcase classname="cucumberOptions.TestNgRunner" name="runScenario" time="0.017"/>
  <testcase classname="cucumberOptions.TestNgRunner" name="runScenario" time="0.022"/>
</testsuite> <!-- cucumberOptions.TestNgRunner -->
