<?xml version="1.0" encoding="UTF-8"?>
<!-- Generated by org.testng.reporters.JUnitReportReporter -->
<testsuite hostname="sharanabasappa" failures="0" tests="2" name="Web_Automation_TestCases.Ecomm_SubmittOrderTest" time="26.780" errors="0" timestamp="2025-08-26T13:45:38 IST" skipped="0">
  <testcase classname="Web_Automation_TestCases.Ecomm_SubmittOrderTest" name="verifyOrderHistoryTest" time="4.129"/>
  <testcase classname="Web_Automation_TestCases.Ecomm_SubmittOrderTest" name="verifySubmitOrderTest" time="22.651"/>
</testsuite> <!-- Web_Automation_TestCases.Ecomm_SubmittOrderTest -->
