<?xml version="1.0" encoding="UTF-8"?>
<!-- Generated by org.testng.reporters.JUnitReportReporter -->
<testsuite hostname="sharanabasappa" failures="0" tests="2" name="Web_Automation_TestCases.Ecomm_SubmittOrderTest" time="20.127" errors="0" timestamp="2025-08-27T17:07:52 IST" skipped="0">
  <testcase classname="Web_Automation_TestCases.Ecomm_SubmittOrderTest" name="verifyOrderHistoryTest" time="3.725"/>
  <testcase classname="Web_Automation_TestCases.Ecomm_SubmittOrderTest" name="verifySubmitOrderTest" time="16.402"/>
</testsuite> <!-- Web_Automation_TestCases.Ecomm_SubmittOrderTest -->
