<?xml version="1.0" encoding="UTF-8"?>
<!-- Generated by org.testng.reporters.JUnitReportReporter -->
<testsuite hostname="sharanabasappa" failures="0" tests="1" name="rsa_ECom_ApiTest.EcomApiTest" time="5.587" errors="0" timestamp="2025-07-18T15:55:31 IST" skipped="0">
  <testcase classname="rsa_ECom_ApiTest.EcomApiTest" name="eCommerceApiTest" time="5.587"/>
</testsuite> <!-- rsa_ECom_ApiTest.EcomApiTest -->
