<?xml version="1.0" encoding="UTF-8"?>
<!-- Generated by org.testng.reporters.JUnitReportReporter -->
<testsuite hostname="sharanabasappa" failures="0" tests="1" name="com.DataDrivenTestingFromExcel.DataDriven1" time="0.826" errors="0" timestamp="2025-10-13T12:21:08 IST" skipped="0">
  <testcase classname="com.DataDrivenTestingFromExcel.DataDriven1" name="dataDrive_TestingUsingExcel" time="0.826"/>
</testsuite> <!-- com.DataDrivenTestingFromExcel.DataDriven1 -->
