<?xml version="1.0" encoding="UTF-8"?>
<!-- Generated by org.testng.reporters.JUnitReportReporter -->
<testsuite hostname="sharanabasappa" failures="0" tests="1" name="Backend_Automation_TestCases.EcomApiTest" time="4.298" errors="0" timestamp="2025-09-05T16:55:02 IST" skipped="0">
  <testcase classname="Backend_Automation_TestCases.EcomApiTest" name="eCommerceApiTest" time="4.298"/>
</testsuite> <!-- Backend_Automation_TestCases.EcomApiTest -->
