<?xml version="1.0" encoding="UTF-8"?>
<!-- Generated by org.testng.reporters.JUnitReportReporter -->
<testsuite hostname="sharanabasappa" failures="0" tests="1" name="Backend_Automation_TestCases.Rest_Ecom_Api_Test" time="13.548" errors="0" timestamp="2025-10-16T13:22:00 IST" skipped="0">
  <testcase classname="Backend_Automation_TestCases.Rest_Ecom_Api_Test" name="ecomerceApiAutomation" time="13.548"/>
</testsuite> <!-- Backend_Automation_TestCases.Rest_Ecom_Api_Test -->
