<?xml version="1.0" encoding="UTF-8"?>
<!-- Generated by org.testng.reporters.JUnitReportReporter -->
<testsuite hostname="sharanabasappa" failures="0" tests="1" name="Web_Automation_TestCases.RestAssuredEcomApiTest" time="4.585" errors="0" timestamp="2025-08-27T13:01:33 IST" skipped="0">
  <testcase classname="Web_Automation_TestCases.RestAssuredEcomApiTest" name="ecomerceApiAutomation" time="4.585"/>
</testsuite> <!-- Web_Automation_TestCases.RestAssuredEcomApiTest -->
