<?xml version="1.0" encoding="UTF-8"?>
<!-- Generated by org.testng.reporters.JUnitReportReporter -->
<testsuite hostname="sharanabasappa" failures="0" tests="3" name="com.DataDrivenTestingFromExcel.ExcelDataProvider" time="0.043" errors="0" timestamp="2025-10-16T13:11:30 IST" skipped="0">
  <testcase classname="com.DataDrivenTestingFromExcel.ExcelDataProvider" name="testCaseData" time="0.031"/>
  <testcase classname="com.DataDrivenTestingFromExcel.ExcelDataProvider" name="testCaseData" time="0.005"/>
  <testcase classname="com.DataDrivenTestingFromExcel.ExcelDataProvider" name="testCaseData" time="0.007"/>
</testsuite> <!-- com.DataDrivenTestingFromExcel.ExcelDataProvider -->
