<?xml version="1.0" encoding="UTF-8"?>
<!-- Generated by org.testng.reporters.JUnitReportReporter -->
<testsuite hostname="sharanabasappa" failures="0" tests="1" name="com.DataDrivenTestingFromExcel.ExcelDataDriven" time="3.538" errors="0" timestamp="2025-10-15T14:19:59 IST" skipped="0">
  <testcase classname="com.DataDrivenTestingFromExcel.ExcelDataDriven" name="dataDrive_TestingUsingExcelPractice" time="3.538"/>
</testsuite> <!-- com.DataDrivenTestingFromExcel.ExcelDataDriven -->
