<?xml version="1.0" encoding="UTF-8"?>
<!-- Generated by org.testng.reporters.JUnitReportReporter -->
<testsuite hostname="sharanabasappa" failures="0" tests="1" name="Backend_Automation_TestCases.EcomApiTest" time="8.701" errors="0" timestamp="2025-08-27T12:20:57 IST" skipped="0">
  <testcase classname="Backend_Automation_TestCases.EcomApiTest" name="eCommerceApiTest" time="8.701"/>
</testsuite> <!-- Backend_Automation_TestCases.EcomApiTest -->
