<?xml version="1.0" encoding="UTF-8"?>
<!-- Generated by org.testng.reporters.JUnitReportReporter -->
<testsuite hostname="sharanabasappa" failures="0" tests="1" name="RestAssuredPractice.SerializeTest" time="8.199" errors="0" timestamp="2025-07-17T14:19:31 IST" skipped="0">
  <testcase classname="RestAssuredPractice.SerializeTest" name="google_Location" time="8.199"/>
</testsuite> <!-- RestAssuredPractice.SerializeTest -->
