<?xml version="1.0" encoding="UTF-8"?>
<!-- Generated by org.testng.reporters.JUnitReportReporter -->
<testsuite hostname="sharanabasappa" failures="0" tests="1" name="Web_Automation_TestCases.Ecomm_ProdErrorValidationTest" time="9.499" errors="0" timestamp="2025-10-16T13:16:38 IST" skipped="0">
  <testcase classname="Web_Automation_TestCases.Ecomm_ProdErrorValidationTest" name="verifySubmitOrderTest" time="9.499"/>
</testsuite> <!-- Web_Automation_TestCases.Ecomm_ProdErrorValidationTest -->
