<?xml version="1.0" encoding="UTF-8"?>
<!-- Generated by org.testng.reporters.JUnitReportReporter -->
<testsuite hostname="sharanabasappa" failures="0" tests="17" name="Programs" time="0.045" errors="0" timestamp="2025-10-08T18:01:11 IST" skipped="1">
  <testcase classname="Programs" name="factorialProgram" time="0.012"/>
  <testcase classname="Programs" name="compressedString1" time="0.002"/>
  <testcase classname="Programs" name="fibonanciSeries" time="0.004"/>
  <testcase classname="Programs" name="uniqueNumber" time="0.006"/>
  <testcase classname="Programs" name="vowelsAndConsonants" time="0.003"/>
  <testcase classname="Programs" name="palindromeString" time="0.002"/>
  <testcase classname="Programs" name="min_Number" time="0.002"/>
  <testcase classname="Programs" name="max_Number" time="0.002"/>
  <testcase classname="Programs" name="largest_Number" time="0.002"/>
  <testcase classname="Programs" name="smallest_Number" time="0.001"/>
  <testcase classname="Programs" name="pyramid_Triangle_Example1" time="0.002"/>
  <testcase classname="Programs" name="pyramid_Triangle_Example2" time="0.001"/>
  <testcase classname="Programs" name="RemoveDuplicates" time="0.002"/>
  <testcase classname="Programs" name="secondLargestElementArray" time="0.001"/>
  <testcase classname="Programs" name="convertUppertoLowerCaseLetter" time="0.001"/>
  <testcase classname="Programs" name="palindromeNumber" time="0.002"/>
  <testcase classname="Programs" name="compressedString">
    <skipped/>
  </testcase> <!-- compressedString -->
</testsuite> <!-- Programs -->
