<?xml version="1.0" encoding="UTF-8"?>
<!-- Generated by org.testng.reporters.JUnitReportReporter -->
<testsuite hostname="sharanabasappa" failures="0" tests="1" name="RestAssuredPractice.SpecBuilderTest" time="6.120" errors="0" timestamp="2025-07-08T15:49:21 IST" skipped="0">
  <testcase classname="RestAssuredPractice.SpecBuilderTest" name="google_Location" time="6.120"/>
</testsuite> <!-- RestAssuredPractice.SpecBuilderTest -->
