<?xml version="1.0" encoding="UTF-8"?>
<!-- Generated by org.testng.reporters.JUnitReportReporter -->
<testsuite hostname="sharanabasappa" failures="0" tests="1" name="RestAssuredPractice.JiraTest" time="10.879" errors="0" timestamp="2025-07-05T21:24:14 IST" skipped="0">
  <testcase classname="RestAssuredPractice.JiraTest" name="create_Bug" time="10.879"/>
</testsuite> <!-- RestAssuredPractice.JiraTest -->
