<?xml version="1.0" encoding="UTF-8"?>
<!-- Generated by org.testng.reporters.JUnitReportReporter -->
<testsuite hostname="sharanabasappa" failures="0" tests="1" name="Web_Automation_TestCases.EcomApiTest" time="9.199" errors="0" timestamp="2025-08-26T13:44:19 IST" skipped="0">
  <testcase classname="Web_Automation_TestCases.EcomApiTest" name="eCommerceApiTest" time="9.199"/>
</testsuite> <!-- Web_Automation_TestCases.EcomApiTest -->
