<?xml version="1.0" encoding="UTF-8"?>
<!-- Generated by org.testng.reporters.JUnitReportReporter -->
<testsuite hostname="sharanabasappa" failures="0" tests="3" name="cucumberOptions.Ecom_TestNgRunner" time="56.473" errors="0" timestamp="2025-08-27T12:15:29 IST" skipped="0">
  <testcase classname="cucumberOptions.Ecom_TestNgRunner" name="runScenario" time="18.735"/>
  <testcase classname="cucumberOptions.Ecom_TestNgRunner" name="runScenario" time="19.003"/>
  <testcase classname="cucumberOptions.Ecom_TestNgRunner" name="runScenario" time="18.735"/>
</testsuite> <!-- cucumberOptions.Ecom_TestNgRunner -->
