<?xml version="1.0" encoding="UTF-8"?>
<!-- Generated by org.testng.reporters.JUnitReportReporter -->
<testsuite hostname="sharanabasappa" failures="0" tests="1" name="Backend_Automation_TestCases.EcomApiTest" time="4.555" errors="0" timestamp="2025-08-27T14:38:41 IST" skipped="0">
  <testcase classname="Backend_Automation_TestCases.EcomApiTest" name="eCommerceApiTest" time="4.555"/>
</testsuite> <!-- Backend_Automation_TestCases.EcomApiTest -->
