<?xml version="1.0" encoding="UTF-8"?>
<!-- Generated by org.testng.reporters.JUnitReportReporter -->
<testsuite hostname="sharanabasappa" failures="0" tests="1" name="Web_Automation_TestCases.Ecomm_ProdErrorValidationTest" time="6.216" errors="0" timestamp="2025-08-27T14:38:41 IST" skipped="0">
  <testcase classname="Web_Automation_TestCases.Ecomm_ProdErrorValidationTest" name="verifySubmitOrderTest" time="6.216"/>
</testsuite> <!-- Web_Automation_TestCases.Ecomm_ProdErrorValidationTest -->
